2020-01-28 15:35:15.804  WARN 12712 --- [           main] o.m.s.mapper.ClassPathMapperScanner      : No MyBatis mapper was found in '[com.ssafy.edu]' package. Please check your configuration.
2020-01-28 15:35:16.233  INFO 12712 --- [           main] trationDelegate$BeanPostProcessorChecker : Bean 'org.springframework.transaction.annotation.ProxyTransactionManagementConfiguration' of type [org.springframework.transaction.annotation.ProxyTransactionManagementConfiguration$$EnhancerBySpringCGLIB$$73f8c82d] is not eligible for getting processed by all BeanPostProcessors (for example: not eligible for auto-proxying)
2020-01-28 15:35:17.093  INFO 12712 --- [           main] o.s.b.w.embedded.tomcat.TomcatWebServer  : Tomcat initialized with port(s): 8197 (http)
2020-01-28 15:35:17.275  INFO 12712 --- [           main] o.s.web.context.ContextLoader            : Root WebApplicationContext: initialization completed in 3097 ms
2020-01-28 15:35:18.517  INFO 12712 --- [           main] o.s.s.concurrent.ThreadPoolTaskExecutor  : Initializing ExecutorService 'applicationTaskExecutor'
2020-01-28 15:35:19.290  INFO 12712 --- [           main] o.s.b.w.embedded.tomcat.TomcatWebServer  : Tomcat started on port(s): 8197 (http) with context path ''
2020-01-28 15:35:25.774  INFO 12712 --- [nio-8197-exec-1] o.s.web.servlet.DispatcherServlet        : Initializing Servlet 'dispatcherServlet'
2020-01-28 15:35:25.783  INFO 12712 --- [nio-8197-exec-1] o.s.web.servlet.DispatcherServlet        : Completed initialization in 8 ms
2020-01-28 16:16:40.899  WARN 12712 --- [nio-8197-exec-7] .w.s.m.s.DefaultHandlerExceptionResolver : Resolved [org.springframework.web.bind.MissingRequestHeaderException: Missing request header 'x-access-token' for method parameter of type String]
2020-01-28 17:00:16.109  WARN 12712 --- [nio-8197-exec-2] .w.s.m.s.DefaultHandlerExceptionResolver : Resolved [org.springframework.web.bind.MissingRequestHeaderException: Missing request header 'x-access-token' for method parameter of type String]
2020-01-28 17:00:32.803  WARN 12712 --- [nio-8197-exec-3] .w.s.m.s.DefaultHandlerExceptionResolver : Resolved [org.springframework.web.bind.MissingRequestHeaderException: Missing request header 'x-access-token' for method parameter of type String]
2020-01-28 17:13:10.275  WARN 12712 --- [io-8197-exec-10] .w.s.m.s.DefaultHandlerExceptionResolver : Resolved [org.springframework.web.bind.MissingRequestHeaderException: Missing request header 'x-access-token' for method parameter of type String]
2020-01-28 17:13:27.646  WARN 12712 --- [nio-8197-exec-4] .w.s.m.s.DefaultHandlerExceptionResolver : Resolved [org.springframework.web.bind.MissingRequestHeaderException: Missing request header 'x-access-token' for method parameter of type String]
2020-01-28 17:35:19.601  WARN 12712 --- [nio-8197-exec-5] .w.s.m.s.DefaultHandlerExceptionResolver : Resolved [org.springframework.web.bind.MissingRequestHeaderException: Missing request header 'x-access-token' for method parameter of type String]
2020-01-28 17:35:20.750  WARN 12712 --- [nio-8197-exec-6] .w.s.m.s.DefaultHandlerExceptionResolver : Resolved [org.springframework.web.bind.MissingRequestHeaderException: Missing request header 'x-access-token' for method parameter of type String]
2020-01-28 17:35:21.227  WARN 12712 --- [nio-8197-exec-7] .w.s.m.s.DefaultHandlerExceptionResolver : Resolved [org.springframework.web.bind.MissingRequestHeaderException: Missing request header 'x-access-token' for method parameter of type String]
2020-01-28 17:35:21.405  WARN 12712 --- [nio-8197-exec-8] .w.s.m.s.DefaultHandlerExceptionResolver : Resolved [org.springframework.web.bind.MissingRequestHeaderException: Missing request header 'x-access-token' for method parameter of type String]
2020-01-28 17:35:21.578  WARN 12712 --- [nio-8197-exec-9] .w.s.m.s.DefaultHandlerExceptionResolver : Resolved [org.springframework.web.bind.MissingRequestHeaderException: Missing request header 'x-access-token' for method parameter of type String]
2020-01-28 17:35:21.740  WARN 12712 --- [nio-8197-exec-1] .w.s.m.s.DefaultHandlerExceptionResolver : Resolved [org.springframework.web.bind.MissingRequestHeaderException: Missing request header 'x-access-token' for method parameter of type String]
2020-01-28 17:35:21.909  WARN 12712 --- [nio-8197-exec-2] .w.s.m.s.DefaultHandlerExceptionResolver : Resolved [org.springframework.web.bind.MissingRequestHeaderException: Missing request header 'x-access-token' for method parameter of type String]
2020-01-28 17:35:22.070  WARN 12712 --- [nio-8197-exec-3] .w.s.m.s.DefaultHandlerExceptionResolver : Resolved [org.springframework.web.bind.MissingRequestHeaderException: Missing request header 'x-access-token' for method parameter of type String]
2020-01-28 17:35:22.389  WARN 12712 --- [io-8197-exec-10] .w.s.m.s.DefaultHandlerExceptionResolver : Resolved [org.springframework.web.bind.MissingRequestHeaderException: Missing request header 'x-access-token' for method parameter of type String]
2020-01-28 17:35:22.617  WARN 12712 --- [nio-8197-exec-4] .w.s.m.s.DefaultHandlerExceptionResolver : Resolved [org.springframework.web.bind.MissingRequestHeaderException: Missing request header 'x-access-token' for method parameter of type String]
2020-01-28 17:35:22.837  WARN 12712 --- [nio-8197-exec-5] .w.s.m.s.DefaultHandlerExceptionResolver : Resolved [org.springframework.web.bind.MissingRequestHeaderException: Missing request header 'x-access-token' for method parameter of type String]
2020-01-28 17:35:23.090  WARN 12712 --- [nio-8197-exec-6] .w.s.m.s.DefaultHandlerExceptionResolver : Resolved [org.springframework.web.bind.MissingRequestHeaderException: Missing request header 'x-access-token' for method parameter of type String]
2020-01-28 17:35:23.325  WARN 12712 --- [nio-8197-exec-7] .w.s.m.s.DefaultHandlerExceptionResolver : Resolved [org.springframework.web.bind.MissingRequestHeaderException: Missing request header 'x-access-token' for method parameter of type String]
2020-01-28 17:35:23.553  WARN 12712 --- [nio-8197-exec-8] .w.s.m.s.DefaultHandlerExceptionResolver : Resolved [org.springframework.web.bind.MissingRequestHeaderException: Missing request header 'x-access-token' for method parameter of type String]
2020-01-28 17:35:23.793  WARN 12712 --- [nio-8197-exec-9] .w.s.m.s.DefaultHandlerExceptionResolver : Resolved [org.springframework.web.bind.MissingRequestHeaderException: Missing request header 'x-access-token' for method parameter of type String]
2020-01-28 17:35:23.979  WARN 12712 --- [nio-8197-exec-1] .w.s.m.s.DefaultHandlerExceptionResolver : Resolved [org.springframework.web.bind.MissingRequestHeaderException: Missing request header 'x-access-token' for method parameter of type String]
2020-01-28 17:35:24.208  WARN 12712 --- [nio-8197-exec-2] .w.s.m.s.DefaultHandlerExceptionResolver : Resolved [org.springframework.web.bind.MissingRequestHeaderException: Missing request header 'x-access-token' for method parameter of type String]
2020-01-28 17:35:24.426  WARN 12712 --- [nio-8197-exec-3] .w.s.m.s.DefaultHandlerExceptionResolver : Resolved [org.springframework.web.bind.MissingRequestHeaderException: Missing request header 'x-access-token' for method parameter of type String]
2020-01-28 17:35:24.646  WARN 12712 --- [io-8197-exec-10] .w.s.m.s.DefaultHandlerExceptionResolver : Resolved [org.springframework.web.bind.MissingRequestHeaderException: Missing request header 'x-access-token' for method parameter of type String]
2020-01-28 17:35:24.882  WARN 12712 --- [nio-8197-exec-4] .w.s.m.s.DefaultHandlerExceptionResolver : Resolved [org.springframework.web.bind.MissingRequestHeaderException: Missing request header 'x-access-token' for method parameter of type String]
2020-01-28 17:35:25.102  WARN 12712 --- [nio-8197-exec-5] .w.s.m.s.DefaultHandlerExceptionResolver : Resolved [org.springframework.web.bind.MissingRequestHeaderException: Missing request header 'x-access-token' for method parameter of type String]
2020-01-28 17:35:25.343  WARN 12712 --- [nio-8197-exec-6] .w.s.m.s.DefaultHandlerExceptionResolver : Resolved [org.springframework.web.bind.MissingRequestHeaderException: Missing request header 'x-access-token' for method parameter of type String]
2020-01-28 17:35:25.556  WARN 12712 --- [nio-8197-exec-7] .w.s.m.s.DefaultHandlerExceptionResolver : Resolved [org.springframework.web.bind.MissingRequestHeaderException: Missing request header 'x-access-token' for method parameter of type String]
2020-01-28 17:35:25.748  WARN 12712 --- [nio-8197-exec-8] .w.s.m.s.DefaultHandlerExceptionResolver : Resolved [org.springframework.web.bind.MissingRequestHeaderException: Missing request header 'x-access-token' for method parameter of type String]
2020-01-28 17:35:25.998  WARN 12712 --- [nio-8197-exec-9] .w.s.m.s.DefaultHandlerExceptionResolver : Resolved [org.springframework.web.bind.MissingRequestHeaderException: Missing request header 'x-access-token' for method parameter of type String]
2020-01-28 17:35:26.230  WARN 12712 --- [nio-8197-exec-1] .w.s.m.s.DefaultHandlerExceptionResolver : Resolved [org.springframework.web.bind.MissingRequestHeaderException: Missing request header 'x-access-token' for method parameter of type String]
2020-01-28 17:35:26.498  WARN 12712 --- [nio-8197-exec-2] .w.s.m.s.DefaultHandlerExceptionResolver : Resolved [org.springframework.web.bind.MissingRequestHeaderException: Missing request header 'x-access-token' for method parameter of type String]
2020-01-28 17:35:28.478  WARN 12712 --- [nio-8197-exec-3] .w.s.m.s.DefaultHandlerExceptionResolver : Resolved [org.springframework.web.bind.MissingRequestHeaderException: Missing request header 'x-access-token' for method parameter of type String]
2020-01-28 17:36:02.434  WARN 12712 --- [io-8197-exec-10] .w.s.m.s.DefaultHandlerExceptionResolver : Resolved [org.springframework.web.bind.MissingRequestHeaderException: Missing request header 'x-access-token' for method parameter of type String]
2020-01-28 17:36:02.660  WARN 12712 --- [nio-8197-exec-4] .w.s.m.s.DefaultHandlerExceptionResolver : Resolved [org.springframework.web.bind.MissingRequestHeaderException: Missing request header 'x-access-token' for method parameter of type String]
2020-01-28 17:36:02.861  WARN 12712 --- [nio-8197-exec-5] .w.s.m.s.DefaultHandlerExceptionResolver : Resolved [org.springframework.web.bind.MissingRequestHeaderException: Missing request header 'x-access-token' for method parameter of type String]
