2020-02-04 09:35:17.181  INFO 18688 --- [           main] .s.d.r.c.RepositoryConfigurationDelegate : Bootstrapping Spring Data repositories in DEFAULT mode.
2020-02-04 09:35:17.218  INFO 18688 --- [           main] .s.d.r.c.RepositoryConfigurationDelegate : Finished Spring Data repository scanning in 20ms. Found 0 repository interfaces.
2020-02-04 09:35:17.342  WARN 18688 --- [           main] o.m.s.mapper.ClassPathMapperScanner      : No MyBatis mapper was found in '[com.ssafy.edu]' package. Please check your configuration.
2020-02-04 09:35:17.681  INFO 18688 --- [           main] trationDelegate$BeanPostProcessorChecker : Bean 'org.springframework.transaction.annotation.ProxyTransactionManagementConfiguration' of type [org.springframework.transaction.annotation.ProxyTransactionManagementConfiguration$$EnhancerBySpringCGLIB$$86d7425a] is not eligible for getting processed by all BeanPostProcessors (for example: not eligible for auto-proxying)
2020-02-04 09:35:18.658  INFO 18688 --- [           main] o.s.b.w.embedded.tomcat.TomcatWebServer  : Tomcat initialized with port(s): 8197 (http)
2020-02-04 09:35:18.890  INFO 18688 --- [           main] o.s.web.context.ContextLoader            : Root WebApplicationContext: initialization completed in 2794 ms
2020-02-04 09:35:20.114  INFO 18688 --- [           main] j.LocalContainerEntityManagerFactoryBean : Initialized JPA EntityManagerFactory for persistence unit 'default'
2020-02-04 09:35:20.569  WARN 18688 --- [           main] aWebConfiguration$JpaWebMvcConfiguration : spring.jpa.open-in-view is enabled by default. Therefore, database queries may be performed during view rendering. Explicitly configure spring.jpa.open-in-view to disable this warning
2020-02-04 09:35:20.760  INFO 18688 --- [           main] o.s.s.web.DefaultSecurityFilterChain     : Creating filter chain: Ant [pattern='/v2/api-docs'], []
2020-02-04 09:35:20.760  INFO 18688 --- [           main] o.s.s.web.DefaultSecurityFilterChain     : Creating filter chain: Ant [pattern='/swagger-resources/**'], []
2020-02-04 09:35:20.760  INFO 18688 --- [           main] o.s.s.web.DefaultSecurityFilterChain     : Creating filter chain: Ant [pattern='/swagger-ui.html'], []
2020-02-04 09:35:20.760  INFO 18688 --- [           main] o.s.s.web.DefaultSecurityFilterChain     : Creating filter chain: Ant [pattern='/webjars/**'], []
2020-02-04 09:35:20.760  INFO 18688 --- [           main] o.s.s.web.DefaultSecurityFilterChain     : Creating filter chain: Ant [pattern='/swagger/**'], []
2020-02-04 09:35:20.785  INFO 18688 --- [           main] o.s.s.web.DefaultSecurityFilterChain     : Creating filter chain: any request, [org.springframework.security.web.context.request.async.WebAsyncManagerIntegrationFilter@6d8b7ea9, org.springframework.security.web.context.SecurityContextPersistenceFilter@e162a35, org.springframework.security.web.header.HeaderWriterFilter@2969a9a6, org.springframework.web.filter.CorsFilter@5a39e554, org.springframework.security.web.authentication.logout.LogoutFilter@7db791df, com.ssafy.edu.config.JwtAuthenticationFilter@333d44f6, org.springframework.security.web.savedrequest.RequestCacheAwareFilter@f849027, org.springframework.security.web.servletapi.SecurityContextHolderAwareRequestFilter@1d77746b, org.springframework.security.web.authentication.AnonymousAuthenticationFilter@350bbd5d, org.springframework.security.web.session.SessionManagementFilter@27d73d22, org.springframework.security.web.access.ExceptionTranslationFilter@58739e5e, org.springframework.security.web.access.intercept.FilterSecurityInterceptor@1182d1df]
2020-02-04 09:35:20.927  INFO 18688 --- [           main] o.s.s.concurrent.ThreadPoolTaskExecutor  : Initializing ExecutorService 'applicationTaskExecutor'
2020-02-04 09:35:21.391  INFO 18688 --- [           main] o.s.b.w.embedded.tomcat.TomcatWebServer  : Tomcat started on port(s): 8197 (http) with context path ''
2020-02-04 13:36:40.577  INFO 16460 --- [           main] .s.d.r.c.RepositoryConfigurationDelegate : Bootstrapping Spring Data repositories in DEFAULT mode.
2020-02-04 13:36:40.595  INFO 16460 --- [           main] .s.d.r.c.RepositoryConfigurationDelegate : Finished Spring Data repository scanning in 9ms. Found 0 repository interfaces.
2020-02-04 13:36:40.679  WARN 16460 --- [           main] o.m.s.mapper.ClassPathMapperScanner      : No MyBatis mapper was found in '[com.ssafy.edu]' package. Please check your configuration.
2020-02-04 13:36:40.882  INFO 16460 --- [           main] trationDelegate$BeanPostProcessorChecker : Bean 'org.springframework.transaction.annotation.ProxyTransactionManagementConfiguration' of type [org.springframework.transaction.annotation.ProxyTransactionManagementConfiguration$$EnhancerBySpringCGLIB$$6e772ed] is not eligible for getting processed by all BeanPostProcessors (for example: not eligible for auto-proxying)
2020-02-04 13:36:41.447  INFO 16460 --- [           main] o.s.b.w.embedded.tomcat.TomcatWebServer  : Tomcat initialized with port(s): 8197 (http)
2020-02-04 13:36:41.586  INFO 16460 --- [           main] o.s.web.context.ContextLoader            : Root WebApplicationContext: initialization completed in 1745 ms
2020-02-04 13:36:42.310  INFO 16460 --- [           main] j.LocalContainerEntityManagerFactoryBean : Initialized JPA EntityManagerFactory for persistence unit 'default'
2020-02-04 13:36:42.765  WARN 16460 --- [           main] aWebConfiguration$JpaWebMvcConfiguration : spring.jpa.open-in-view is enabled by default. Therefore, database queries may be performed during view rendering. Explicitly configure spring.jpa.open-in-view to disable this warning
2020-02-04 13:36:42.963  INFO 16460 --- [           main] o.s.s.web.DefaultSecurityFilterChain     : Creating filter chain: Ant [pattern='/v2/api-docs'], []
2020-02-04 13:36:42.963  INFO 16460 --- [           main] o.s.s.web.DefaultSecurityFilterChain     : Creating filter chain: Ant [pattern='/swagger-resources/**'], []
2020-02-04 13:36:42.963  INFO 16460 --- [           main] o.s.s.web.DefaultSecurityFilterChain     : Creating filter chain: Ant [pattern='/swagger-ui.html'], []
2020-02-04 13:36:42.963  INFO 16460 --- [           main] o.s.s.web.DefaultSecurityFilterChain     : Creating filter chain: Ant [pattern='/webjars/**'], []
2020-02-04 13:36:42.963  INFO 16460 --- [           main] o.s.s.web.DefaultSecurityFilterChain     : Creating filter chain: Ant [pattern='/swagger/**'], []
2020-02-04 13:36:42.989  INFO 16460 --- [           main] o.s.s.web.DefaultSecurityFilterChain     : Creating filter chain: any request, [org.springframework.security.web.context.request.async.WebAsyncManagerIntegrationFilter@58186f9f, org.springframework.security.web.context.SecurityContextPersistenceFilter@26ffd2c0, org.springframework.security.web.header.HeaderWriterFilter@6d7b2319, org.springframework.web.filter.CorsFilter@62faf77, org.springframework.security.web.authentication.logout.LogoutFilter@994544, com.ssafy.edu.config.JwtAuthenticationFilter@1f39269d, org.springframework.security.web.savedrequest.RequestCacheAwareFilter@2fc7fa6e, org.springframework.security.web.servletapi.SecurityContextHolderAwareRequestFilter@30cafd13, org.springframework.security.web.authentication.AnonymousAuthenticationFilter@6e321d9d, org.springframework.security.web.session.SessionManagementFilter@67a8bcbb, org.springframework.security.web.access.ExceptionTranslationFilter@4abbe41c, org.springframework.security.web.access.intercept.FilterSecurityInterceptor@6cd45b6c]
2020-02-04 13:36:43.142  INFO 16460 --- [           main] o.s.s.concurrent.ThreadPoolTaskExecutor  : Initializing ExecutorService 'applicationTaskExecutor'
2020-02-04 13:36:43.635  INFO 16460 --- [           main] o.s.b.w.embedded.tomcat.TomcatWebServer  : Tomcat started on port(s): 8197 (http) with context path ''
2020-02-04 13:51:34.257  INFO 14816 --- [           main] .s.d.r.c.RepositoryConfigurationDelegate : Bootstrapping Spring Data repositories in DEFAULT mode.
2020-02-04 13:51:34.277  INFO 14816 --- [           main] .s.d.r.c.RepositoryConfigurationDelegate : Finished Spring Data repository scanning in 10ms. Found 0 repository interfaces.
2020-02-04 13:51:34.351  WARN 14816 --- [           main] o.m.s.mapper.ClassPathMapperScanner      : No MyBatis mapper was found in '[com.ssafy.edu]' package. Please check your configuration.
2020-02-04 13:51:34.558  INFO 14816 --- [           main] trationDelegate$BeanPostProcessorChecker : Bean 'org.springframework.transaction.annotation.ProxyTransactionManagementConfiguration' of type [org.springframework.transaction.annotation.ProxyTransactionManagementConfiguration$$EnhancerBySpringCGLIB$$ee60db47] is not eligible for getting processed by all BeanPostProcessors (for example: not eligible for auto-proxying)
2020-02-04 13:51:35.141  INFO 14816 --- [           main] o.s.b.w.embedded.tomcat.TomcatWebServer  : Tomcat initialized with port(s): 8197 (http)
2020-02-04 13:51:35.281  INFO 14816 --- [           main] o.s.web.context.ContextLoader            : Root WebApplicationContext: initialization completed in 1745 ms
2020-02-04 13:51:36.047  INFO 14816 --- [           main] j.LocalContainerEntityManagerFactoryBean : Initialized JPA EntityManagerFactory for persistence unit 'default'
2020-02-04 13:51:36.529  WARN 14816 --- [           main] aWebConfiguration$JpaWebMvcConfiguration : spring.jpa.open-in-view is enabled by default. Therefore, database queries may be performed during view rendering. Explicitly configure spring.jpa.open-in-view to disable this warning
2020-02-04 13:51:36.734  INFO 14816 --- [           main] o.s.s.web.DefaultSecurityFilterChain     : Creating filter chain: Ant [pattern='/v2/api-docs'], []
2020-02-04 13:51:36.734  INFO 14816 --- [           main] o.s.s.web.DefaultSecurityFilterChain     : Creating filter chain: Ant [pattern='/swagger-resources/**'], []
2020-02-04 13:51:36.734  INFO 14816 --- [           main] o.s.s.web.DefaultSecurityFilterChain     : Creating filter chain: Ant [pattern='/swagger-ui.html'], []
2020-02-04 13:51:36.734  INFO 14816 --- [           main] o.s.s.web.DefaultSecurityFilterChain     : Creating filter chain: Ant [pattern='/webjars/**'], []
2020-02-04 13:51:36.734  INFO 14816 --- [           main] o.s.s.web.DefaultSecurityFilterChain     : Creating filter chain: Ant [pattern='/swagger/**'], []
2020-02-04 13:51:36.759  INFO 14816 --- [           main] o.s.s.web.DefaultSecurityFilterChain     : Creating filter chain: any request, [org.springframework.security.web.context.request.async.WebAsyncManagerIntegrationFilter@4656fcc5, org.springframework.security.web.context.SecurityContextPersistenceFilter@48cf8414, org.springframework.security.web.header.HeaderWriterFilter@44864536, org.springframework.web.filter.CorsFilter@2c16677c, org.springframework.security.web.authentication.logout.LogoutFilter@49631cfb, com.ssafy.edu.config.JwtAuthenticationFilter@27d73d22, org.springframework.security.web.savedrequest.RequestCacheAwareFilter@15d65fcf, org.springframework.security.web.servletapi.SecurityContextHolderAwareRequestFilter@67c21bf, org.springframework.security.web.authentication.AnonymousAuthenticationFilter@7fd751de, org.springframework.security.web.session.SessionManagementFilter@7e0986c9, org.springframework.security.web.access.ExceptionTranslationFilter@1657b017, org.springframework.security.web.access.intercept.FilterSecurityInterceptor@2969a9a6]
2020-02-04 13:51:36.922  INFO 14816 --- [           main] o.s.s.concurrent.ThreadPoolTaskExecutor  : Initializing ExecutorService 'applicationTaskExecutor'
2020-02-04 13:51:37.435  INFO 14816 --- [           main] o.s.b.w.embedded.tomcat.TomcatWebServer  : Tomcat started on port(s): 8197 (http) with context path ''
2020-02-04 13:51:46.438  INFO 14816 --- [nio-8197-exec-1] o.s.web.servlet.DispatcherServlet        : Initializing Servlet 'dispatcherServlet'
2020-02-04 13:51:46.445  INFO 14816 --- [nio-8197-exec-1] o.s.web.servlet.DispatcherServlet        : Completed initialization in 6 ms
2020-02-04 13:51:46.543  WARN 14816 --- [nio-8197-exec-1] .w.s.m.s.DefaultHandlerExceptionResolver : Resolved [org.springframework.web.bind.MissingServletRequestParameterException: Required String parameter 'accessToken' is not present]
